    205    3091   44203 /var/log/alternatives.log
    162    2277   21181 /var/log/apport.log
      0       0       0 /var/log/apt
    675    6813   86220 /var/log/auth.log
   1115   10402  104806 /var/log/boot.log
   1494    7982  118497 /var/log/bootstrap.log
      0       2     768 /var/log/btmp
    649    7100   84778 /var/log/cloud-init.log
     90     563    4835 /var/log/cloud-init-output.log
      0       0       0 /var/log/cups
      0       0       0 /var/log/cups-browsed
      0       0       0 /var/log/dist-upgrade
    608    6202   50192 /var/log/dmesg
    609    6221   50356 /var/log/dmesg.0
     53     308   15243 /var/log/dmesg.1.gz
     60     316   15303 /var/log/dmesg.2.gz
     64     324   15321 /var/log/dmesg.3.gz
     70     353   15331 /var/log/dmesg.4.gz
  15517   92956 1147091 /var/log/dpkg.log
      0       0       0 /var/log/faillog
     91     478    5414 /var/log/fontconfig.log
     38     158    1296 /var/log/gpu-manager.log
      0       0       0 /var/log/hp
      0       0       0 /var/log/installer
      0       0       0 /var/log/journal
   4976   53038  644074 /var/log/kern.log
      0       0       0 /var/log/lastlog
      0       0       0 /var/log/lightdm
      0       0       0 /var/log/private
     25     142    1041 /var/log/README
      0       0       0 /var/log/speech-dispatcher
  14341  163653 2024012 /var/log/syslog
      0       0       0 /var/log/sysstat
      0       0       0 /var/log/unattended-upgrades
      3      29   32640 /var/log/wtmp
    545    5674   40440 /var/log/Xorg.0.log
    397    3774   27787 /var/log/Xorg.0.log.old
  41787  371856 4550829 total
